[debug] [2025-03-27T17:02:40.351Z] ----------------------------------------------------------------------
[debug] [2025-03-27T17:02:40.353Z] Command:       /nix/store/ixbb20farqh1f4fqbmsn6b1ixn8mc8ij-nodejs-20.18.1/bin/node /nix/store/xbh5cm5wb4v59w5qw07mrycs8pfdi46q-firebase-tools-13.35.1/lib/node_modules/firebase-tools/lib/bin/firebase.js init hosting
[debug] [2025-03-27T17:02:40.354Z] CLI Version:   13.35.1
[debug] [2025-03-27T17:02:40.354Z] Platform:      linux
[debug] [2025-03-27T17:02:40.354Z] Node Version:  v20.18.1
[debug] [2025-03-27T17:02:40.354Z] Time:          Thu Mar 27 2025 17:02:40 GMT+0000 (Coordinated Universal Time)
[debug] [2025-03-27T17:02:40.354Z] ----------------------------------------------------------------------
[debug] 
[debug] [2025-03-27T17:02:40.361Z] > command requires scopes: ["email","openid","https://www.googleapis.com/auth/cloudplatformprojects.readonly","https://www.googleapis.com/auth/firebase","https://www.googleapis.com/auth/cloud-platform"]
[debug] [2025-03-27T17:02:40.362Z] > authorizing via signed-in user (sivamdas7@gmail.com)
[info] 
     ######## #### ########  ######## ########     ###     ######  ########
     ##        ##  ##     ## ##       ##     ##  ##   ##  ##       ##
     ######    ##  ########  ######   ########  #########  ######  ######
     ##        ##  ##    ##  ##       ##     ## ##     ##       ## ##
     ##       #### ##     ## ######## ########  ##     ##  ######  ########

You're about to initialize a Firebase project in this directory:

  /home/user/gdg-frontend

[info] 
=== Project Setup
[info] 
[info] First, let's associate this project directory with a Firebase project.
[info] You can create multiple project aliases by running firebase use --add, 
[info] but for now we'll just set up a default project.
[info] 
[info] i  If you want to create a project in a Google Cloud organization or folder, please use "firebase projects:create" instead, and return to this command when you've created the project. 
